[2025-05-21 23:52:56] Inicializando host...
[2025-05-21 23:52:56] Definindo rota padrão via 172.18.4.3...
[2025-05-21 23:52:56] Gateway configurado com sucesso.
[2025-05-21 23:52:56] Iniciando testes de conectividade...
[2025-05-21 23:52:56] Enviando pacotes ICMP para 172.18.4.3...
[2025-05-21 23:52:58] Ping bem-sucedido.
[2025-05-21 23:52:58] [Estatísticas de pacotes] 3 packets transmitted, 3 received, 0% packet loss, time 2036ms
[2025-05-21 23:52:58] [RTT] rtt min/avg/max/mdev = 0.113/0.180/0.291/0.078 ms
[2025-05-21 23:52:58] Enviando pacotes ICMP para 172.18.4.10...
[2025-05-21 23:53:00] Ping bem-sucedido.
[2025-05-21 23:53:00] [Estatísticas de pacotes] 3 packets transmitted, 3 received, 0% packet loss, time 2043ms
[2025-05-21 23:53:00] [RTT] rtt min/avg/max/mdev = 0.114/0.139/0.160/0.019 ms
[2025-05-21 23:53:00] Enviando pacotes ICMP para 172.18.1.10...
[2025-05-21 23:53:03] Ping bem-sucedido.
[2025-05-21 23:53:03] [Estatísticas de pacotes] 3 packets transmitted, 3 received, 0% packet loss, time 2043ms
[2025-05-21 23:53:03] [RTT] rtt min/avg/max/mdev = 0.207/0.231/0.269/0.027 ms
[2025-05-21 23:53:03] Enviando pacotes ICMP para 172.18.1.11...
[2025-05-21 23:53:05] Ping bem-sucedido.
[2025-05-21 23:53:05] [Estatísticas de pacotes] 3 packets transmitted, 3 received, 0% packet loss, time 2043ms
[2025-05-21 23:53:05] [RTT] rtt min/avg/max/mdev = 0.232/0.241/0.255/0.009 ms
[2025-05-21 23:53:05] Enviando pacotes ICMP para 172.18.2.10...
[2025-05-21 23:53:07] Ping bem-sucedido.
[2025-05-21 23:53:07] [Estatísticas de pacotes] 3 packets transmitted, 3 received, 0% packet loss, time 2043ms
[2025-05-21 23:53:07] [RTT] rtt min/avg/max/mdev = 0.126/0.160/0.197/0.029 ms
[2025-05-21 23:53:07] Enviando pacotes ICMP para 172.18.2.11...
[2025-05-21 23:53:09] Ping bem-sucedido.
[2025-05-21 23:53:09] [Estatísticas de pacotes] 3 packets transmitted, 3 received, 0% packet loss, time 2013ms
[2025-05-21 23:53:09] [RTT] rtt min/avg/max/mdev = 0.213/0.228/0.259/0.021 ms
[2025-05-21 23:53:09] Enviando pacotes ICMP para 172.18.3.10...
[2025-05-21 23:53:11] Ping bem-sucedido.
[2025-05-21 23:53:11] [Estatísticas de pacotes] 3 packets transmitted, 3 received, 0% packet loss, time 2042ms
[2025-05-21 23:53:11] [RTT] rtt min/avg/max/mdev = 0.159/0.189/0.220/0.024 ms
[2025-05-21 23:53:11] Enviando pacotes ICMP para 172.18.3.11...
[2025-05-21 23:53:13] Ping bem-sucedido.
[2025-05-21 23:53:13] [Estatísticas de pacotes] 3 packets transmitted, 3 received, 0% packet loss, time 2043ms
[2025-05-21 23:53:13] [RTT] rtt min/avg/max/mdev = 0.195/0.205/0.217/0.009 ms
[2025-05-21 23:53:13] Enviando pacotes ICMP para 172.18.5.10...
[2025-05-21 23:53:15] Ping bem-sucedido.
[2025-05-21 23:53:15] [Estatísticas de pacotes] 3 packets transmitted, 3 received, 0% packet loss, time 2043ms
[2025-05-21 23:53:15] [RTT] rtt min/avg/max/mdev = 0.192/0.205/0.216/0.009 ms
[2025-05-21 23:53:15] Enviando pacotes ICMP para 172.18.5.11...
[2025-05-21 23:53:17] Ping bem-sucedido.
[2025-05-21 23:53:17] [Estatísticas de pacotes] 3 packets transmitted, 3 received, 0% packet loss, time 2043ms
[2025-05-21 23:53:17] [RTT] rtt min/avg/max/mdev = 0.103/0.146/0.186/0.033 ms
[2025-05-21 23:53:17] Enviando pacotes ICMP para 172.18.6.10...
[2025-05-21 23:59:50] Inicializando host...
[2025-05-21 23:59:50] Definindo rota padrão via 172.18.4.2...
[2025-05-21 23:59:50] Gateway configurado com sucesso.
[2025-05-21 23:59:50] Iniciando testes de conectividade...
[2025-05-21 23:59:50] Enviando pacotes ICMP para 172.18.1.10...
[2025-05-21 23:59:53] Ping bem-sucedido.
[2025-05-21 23:59:53] [Estatísticas de pacotes] 3 packets transmitted, 2 received, 33.3333% packet loss, time 2044ms
[2025-05-21 23:59:53] [RTT] rtt min/avg/max/mdev = 0.158/0.187/0.216/0.029 ms
[2025-05-21 23:59:53] Enviando pacotes ICMP para 172.18.1.11...
[2025-05-21 23:59:55] Ping bem-sucedido.
[2025-05-21 23:59:55] [Estatísticas de pacotes] 3 packets transmitted, 3 received, 0% packet loss, time 2034ms
[2025-05-21 23:59:55] [RTT] rtt min/avg/max/mdev = 0.234/0.260/0.279/0.019 ms
[2025-05-21 23:59:55] Enviando pacotes ICMP para 172.18.2.10...
[2025-05-21 23:59:57] Ping bem-sucedido.
[2025-05-21 23:59:57] [Estatísticas de pacotes] 3 packets transmitted, 3 received, 0% packet loss, time 2042ms
[2025-05-21 23:59:57] [RTT] rtt min/avg/max/mdev = 0.248/0.284/0.329/0.033 ms
[2025-05-21 23:59:57] Enviando pacotes ICMP para 172.18.2.11...
[2025-05-21 23:59:59] Ping bem-sucedido.
[2025-05-21 23:59:59] [Estatísticas de pacotes] 3 packets transmitted, 3 received, 0% packet loss, time 2042ms
[2025-05-21 23:59:59] [RTT] rtt min/avg/max/mdev = 0.246/0.260/0.288/0.019 ms
[2025-05-21 23:59:59] Enviando pacotes ICMP para 172.18.3.10...
[2025-05-22 00:00:01] Ping bem-sucedido.
[2025-05-22 00:00:01] [Estatísticas de pacotes] 3 packets transmitted, 3 received, 0% packet loss, time 2043ms
[2025-05-22 00:00:01] [RTT] rtt min/avg/max/mdev = 0.152/0.215/0.255/0.045 ms
[2025-05-22 00:00:01] Enviando pacotes ICMP para 172.18.3.11...
[2025-05-22 00:00:03] Ping bem-sucedido.
[2025-05-22 00:00:03] [Estatísticas de pacotes] 3 packets transmitted, 3 received, 0% packet loss, time 2044ms
[2025-05-22 00:00:03] [RTT] rtt min/avg/max/mdev = 0.167/0.192/0.229/0.026 ms
[2025-05-22 00:00:03] Enviando pacotes ICMP para 172.18.4.10...
[2025-05-22 00:00:05] Ping bem-sucedido.
[2025-05-22 00:00:05] [Estatísticas de pacotes] 3 packets transmitted, 3 received, 0% packet loss, time 2043ms
[2025-05-22 00:00:05] [RTT] rtt min/avg/max/mdev = 0.172/0.184/0.206/0.015 ms
[2025-05-22 00:00:05] Enviando pacotes ICMP para 172.18.5.10...
[2025-05-22 00:00:07] Ping bem-sucedido.
[2025-05-22 00:00:07] [Estatísticas de pacotes] 3 packets transmitted, 3 received, 0% packet loss, time 2042ms
[2025-05-22 00:00:07] [RTT] rtt min/avg/max/mdev = 0.157/0.195/0.226/0.028 ms
[2025-05-22 00:00:07] Enviando pacotes ICMP para 172.18.5.11...
[2025-05-22 00:00:09] Ping bem-sucedido.
[2025-05-22 00:00:09] [Estatísticas de pacotes] 3 packets transmitted, 3 received, 0% packet loss, time 2044ms
[2025-05-22 00:00:09] [RTT] rtt min/avg/max/mdev = 0.174/0.204/0.230/0.023 ms
[2025-05-22 00:00:09] Enviando pacotes ICMP para 172.18.1.2...
[2025-05-22 00:00:11] Ping bem-sucedido.
[2025-05-22 00:00:11] [Estatísticas de pacotes] 3 packets transmitted, 3 received, 0% packet loss, time 2043ms
[2025-05-22 00:00:11] [RTT] rtt min/avg/max/mdev = 0.142/0.167/0.194/0.021 ms
[2025-05-22 00:00:11] Enviando pacotes ICMP para 172.18.2.2...
[2025-05-22 00:00:13] Ping bem-sucedido.
[2025-05-22 00:00:13] [Estatísticas de pacotes] 3 packets transmitted, 3 received, 0% packet loss, time 2044ms
[2025-05-22 00:00:13] [RTT] rtt min/avg/max/mdev = 0.197/0.210/0.236/0.017 ms
[2025-05-22 00:00:13] Enviando pacotes ICMP para 172.18.3.2...
[2025-05-22 00:00:15] Ping bem-sucedido.
[2025-05-22 00:00:15] [Estatísticas de pacotes] 3 packets transmitted, 3 received, 0% packet loss, time 2042ms
[2025-05-22 00:00:15] [RTT] rtt min/avg/max/mdev = 0.145/0.158/0.174/0.012 ms
[2025-05-22 00:00:15] Enviando pacotes ICMP para 172.18.4.2...
[2025-05-22 00:00:17] Ping bem-sucedido.
[2025-05-22 00:00:17] [Estatísticas de pacotes] 3 packets transmitted, 3 received, 0% packet loss, time 2043ms
[2025-05-22 00:00:17] [RTT] rtt min/avg/max/mdev = 0.139/0.154/0.177/0.016 ms
[2025-05-22 00:00:17] Enviando pacotes ICMP para 172.18.5.2...
