[2025-05-19 10:22:34] Inicializando host...
[2025-05-19 10:22:34] Definindo rota padrão via 172.18.7.3...
[2025-05-19 10:22:34] Gateway configurado com sucesso.
[2025-05-19 10:22:34] Iniciando testes de conectividade...
[2025-05-19 10:22:34] Enviando pacotes ICMP para 172.18.7.3...
[2025-05-19 10:22:36] Ping bem-sucedido.
[2025-05-19 10:22:36] [Estatísticas de pacotes] 3 packets transmitted, 3 received, 0% packet loss, time 2032ms
[2025-05-19 10:22:36] [RTT] rtt min/avg/max/mdev = 0.174/0.193/0.227/0.023 ms
[2025-05-19 10:22:36] Enviando pacotes ICMP para 172.18.7.11...
[2025-05-19 10:22:38] Ping bem-sucedido.
[2025-05-19 10:22:38] [Estatísticas de pacotes] 3 packets transmitted, 3 received, 0% packet loss, time 2039ms
[2025-05-19 10:22:38] [RTT] rtt min/avg/max/mdev = 0.177/0.187/0.201/0.010 ms
[2025-05-19 10:22:38] Enviando pacotes ICMP para 172.18.5.10...
[2025-05-19 10:22:40] Ping bem-sucedido.
[2025-05-19 10:22:40] [Estatísticas de pacotes] 3 packets transmitted, 3 received, 0% packet loss, time 2040ms
[2025-05-19 10:22:40] [RTT] rtt min/avg/max/mdev = 0.255/0.283/0.320/0.027 ms
[2025-05-19 10:22:40] Enviando pacotes ICMP para 172.18.1.10...
[2025-05-19 10:22:42] Ping bem-sucedido.
[2025-05-19 10:22:42] [Estatísticas de pacotes] 3 packets transmitted, 3 received, 0% packet loss, time 2041ms
[2025-05-19 10:22:42] [RTT] rtt min/avg/max/mdev = 0.272/0.298/0.320/0.019 ms
[2025-05-19 10:22:42] Enviando pacotes ICMP para 172.18.1.11...
[2025-05-19 10:22:44] Ping bem-sucedido.
[2025-05-19 10:22:44] [Estatísticas de pacotes] 3 packets transmitted, 3 received, 0% packet loss, time 2042ms
[2025-05-19 10:22:44] [RTT] rtt min/avg/max/mdev = 0.286/0.306/0.330/0.018 ms
[2025-05-19 10:22:44] Enviando pacotes ICMP para 172.18.2.10...
[2025-05-19 10:22:46] Ping bem-sucedido.
[2025-05-19 10:22:46] [Estatísticas de pacotes] 3 packets transmitted, 3 received, 0% packet loss, time 2042ms
[2025-05-19 10:22:46] [RTT] rtt min/avg/max/mdev = 0.291/0.303/0.318/0.011 ms
[2025-05-19 10:22:46] Enviando pacotes ICMP para 172.18.2.11...
[2025-05-19 10:22:48] Ping bem-sucedido.
[2025-05-19 10:22:48] [Estatísticas de pacotes] 3 packets transmitted, 3 received, 0% packet loss, time 2042ms
[2025-05-19 10:22:48] [RTT] rtt min/avg/max/mdev = 0.280/0.300/0.316/0.015 ms
[2025-05-19 10:22:48] Enviando pacotes ICMP para 172.18.3.10...
[2025-05-19 10:22:50] Ping bem-sucedido.
[2025-05-19 10:22:50] [Estatísticas de pacotes] 3 packets transmitted, 3 received, 0% packet loss, time 2042ms
[2025-05-19 10:22:50] [RTT] rtt min/avg/max/mdev = 0.274/0.337/0.383/0.046 ms
[2025-05-19 10:22:50] Enviando pacotes ICMP para 172.18.3.11...
[2025-05-19 10:22:52] Ping bem-sucedido.
[2025-05-19 10:22:52] [Estatísticas de pacotes] 3 packets transmitted, 3 received, 0% packet loss, time 2043ms
[2025-05-19 10:22:52] [RTT] rtt min/avg/max/mdev = 0.307/0.369/0.419/0.046 ms
[2025-05-19 10:22:52] Enviando pacotes ICMP para 172.18.4.10...
[2025-05-19 10:22:54] Ping bem-sucedido.
[2025-05-19 10:22:54] [Estatísticas de pacotes] 3 packets transmitted, 3 received, 0% packet loss, time 2042ms
[2025-05-19 10:22:54] [RTT] rtt min/avg/max/mdev = 0.300/0.337/0.408/0.050 ms
[2025-05-19 10:22:54] Enviando pacotes ICMP para 172.18.4.11...
[2025-05-19 10:22:56] Ping bem-sucedido.
[2025-05-19 10:22:56] [Estatísticas de pacotes] 3 packets transmitted, 3 received, 0% packet loss, time 2042ms
[2025-05-19 10:22:56] [RTT] rtt min/avg/max/mdev = 0.283/0.300/0.331/0.021 ms
[2025-05-19 10:22:56] Enviando pacotes ICMP para 172.18.5.11...
[2025-05-19 10:22:58] Ping bem-sucedido.
[2025-05-19 10:22:58] [Estatísticas de pacotes] 3 packets transmitted, 3 received, 0% packet loss, time 2042ms
[2025-05-19 10:22:58] [RTT] rtt min/avg/max/mdev = 0.270/0.289/0.309/0.015 ms
[2025-05-19 10:22:58] Enviando pacotes ICMP para 172.18.6.10...
[2025-05-19 10:23:00] Ping bem-sucedido.
[2025-05-19 10:23:00] [Estatísticas de pacotes] 3 packets transmitted, 3 received, 0% packet loss, time 2042ms
[2025-05-19 10:23:00] [RTT] rtt min/avg/max/mdev = 0.217/0.230/0.244/0.011 ms
[2025-05-19 10:23:00] Enviando pacotes ICMP para 172.18.6.11...
[2025-05-19 10:23:02] Ping bem-sucedido.
[2025-05-19 10:23:02] [Estatísticas de pacotes] 3 packets transmitted, 3 received, 0% packet loss, time 2042ms
[2025-05-19 10:23:02] [RTT] rtt min/avg/max/mdev = 0.218/0.230/0.242/0.009 ms
[2025-05-19 10:23:02] Enviando pacotes ICMP para 172.18.8.10...
[2025-05-19 10:23:04] Ping bem-sucedido.
[2025-05-19 10:23:04] [Estatísticas de pacotes] 3 packets transmitted, 3 received, 0% packet loss, time 2041ms
[2025-05-19 10:23:04] [RTT] rtt min/avg/max/mdev = 0.163/0.202/0.248/0.035 ms
[2025-05-19 10:23:04] Enviando pacotes ICMP para 172.18.8.11...
[2025-05-19 10:23:06] Ping bem-sucedido.
[2025-05-19 10:23:06] [Estatísticas de pacotes] 3 packets transmitted, 3 received, 0% packet loss, time 2043ms
[2025-05-19 10:23:06] [RTT] rtt min/avg/max/mdev = 0.202/0.241/0.266/0.027 ms
[2025-05-19 10:23:06] Testes finalizados.
[2025-05-21 23:52:54] Inicializando host...
[2025-05-21 23:52:54] Definindo rota padrão via 172.18.7.3...
[2025-05-21 23:52:54] Gateway configurado com sucesso.
[2025-05-21 23:52:54] Iniciando testes de conectividade...
[2025-05-21 23:52:54] Enviando pacotes ICMP para 172.18.7.3...
[2025-05-21 23:52:56] Ping bem-sucedido.
[2025-05-21 23:52:56] [Estatísticas de pacotes] 3 packets transmitted, 3 received, 0% packet loss, time 2042ms
[2025-05-21 23:52:56] [RTT] rtt min/avg/max/mdev = 0.108/0.137/0.176/0.028 ms
[2025-05-21 23:52:56] Enviando pacotes ICMP para 172.18.7.11...
[2025-05-21 23:52:58] Ping bem-sucedido.
[2025-05-21 23:52:58] [Estatísticas de pacotes] 3 packets transmitted, 3 received, 0% packet loss, time 2047ms
[2025-05-21 23:52:58] [RTT] rtt min/avg/max/mdev = 0.063/0.107/0.133/0.031 ms
[2025-05-21 23:52:58] Enviando pacotes ICMP para 172.18.5.10...
[2025-05-21 23:53:00] Ping bem-sucedido.
[2025-05-21 23:53:00] [Estatísticas de pacotes] 3 packets transmitted, 3 received, 0% packet loss, time 2043ms
[2025-05-21 23:53:00] [RTT] rtt min/avg/max/mdev = 0.180/0.209/0.267/0.040 ms
[2025-05-21 23:53:00] Enviando pacotes ICMP para 172.18.1.10...
[2025-05-21 23:53:02] Ping bem-sucedido.
[2025-05-21 23:53:02] [Estatísticas de pacotes] 3 packets transmitted, 3 received, 0% packet loss, time 2039ms
[2025-05-21 23:53:02] [RTT] rtt min/avg/max/mdev = 0.193/0.221/0.268/0.033 ms
[2025-05-21 23:53:02] Enviando pacotes ICMP para 172.18.1.11...
[2025-05-21 23:53:04] Ping bem-sucedido.
[2025-05-21 23:53:04] [Estatísticas de pacotes] 3 packets transmitted, 3 received, 0% packet loss, time 2048ms
[2025-05-21 23:53:04] [RTT] rtt min/avg/max/mdev = 0.222/0.239/0.262/0.016 ms
[2025-05-21 23:53:04] Enviando pacotes ICMP para 172.18.2.10...
[2025-05-21 23:53:06] Ping bem-sucedido.
[2025-05-21 23:53:06] [Estatísticas de pacotes] 3 packets transmitted, 3 received, 0% packet loss, time 2038ms
[2025-05-21 23:53:06] [RTT] rtt min/avg/max/mdev = 0.263/0.317/0.404/0.061 ms
[2025-05-21 23:53:06] Enviando pacotes ICMP para 172.18.2.11...
[2025-05-21 23:53:08] Ping bem-sucedido.
[2025-05-21 23:53:08] [Estatísticas de pacotes] 3 packets transmitted, 3 received, 0% packet loss, time 2043ms
[2025-05-21 23:53:08] [RTT] rtt min/avg/max/mdev = 0.255/0.263/0.275/0.008 ms
[2025-05-21 23:53:08] Enviando pacotes ICMP para 172.18.3.10...
[2025-05-21 23:53:10] Ping bem-sucedido.
[2025-05-21 23:53:10] [Estatísticas de pacotes] 3 packets transmitted, 3 received, 0% packet loss, time 2043ms
[2025-05-21 23:53:10] [RTT] rtt min/avg/max/mdev = 0.318/0.351/0.390/0.029 ms
[2025-05-21 23:53:10] Enviando pacotes ICMP para 172.18.3.11...
[2025-05-21 23:53:12] Ping bem-sucedido.
[2025-05-21 23:53:12] [Estatísticas de pacotes] 3 packets transmitted, 3 received, 0% packet loss, time 2043ms
[2025-05-21 23:53:12] [RTT] rtt min/avg/max/mdev = 0.265/0.311/0.354/0.036 ms
[2025-05-21 23:53:12] Enviando pacotes ICMP para 172.18.4.10...
[2025-05-21 23:53:14] Ping bem-sucedido.
[2025-05-21 23:53:14] [Estatísticas de pacotes] 3 packets transmitted, 3 received, 0% packet loss, time 2044ms
[2025-05-21 23:53:14] [RTT] rtt min/avg/max/mdev = 0.239/0.264/0.278/0.018 ms
[2025-05-21 23:53:14] Enviando pacotes ICMP para 172.18.4.11...
[2025-05-21 23:53:16] Ping bem-sucedido.
[2025-05-21 23:53:16] [Estatísticas de pacotes] 3 packets transmitted, 3 received, 0% packet loss, time 2043ms
[2025-05-21 23:53:16] [RTT] rtt min/avg/max/mdev = 0.240/0.264/0.285/0.018 ms
[2025-05-21 23:53:16] Enviando pacotes ICMP para 172.18.5.11...
