[2025-05-19 10:22:34] Inicializando host...
[2025-05-19 10:22:34] Definindo rota padrão via 172.18.4.3...
[2025-05-19 10:22:34] Gateway configurado com sucesso.
[2025-05-19 10:22:34] Iniciando testes de conectividade...
[2025-05-19 10:22:34] Enviando pacotes ICMP para 172.18.4.3...
[2025-05-19 10:22:36] Ping bem-sucedido.
[2025-05-19 10:22:36] [Estatísticas de pacotes] 3 packets transmitted, 3 received, 0% packet loss, time 2038ms
[2025-05-19 10:22:36] [RTT] rtt min/avg/max/mdev = 0.095/0.168/0.207/0.051 ms
[2025-05-19 10:22:36] Enviando pacotes ICMP para 172.18.4.11...
[2025-05-19 10:22:38] Ping bem-sucedido.
[2025-05-19 10:22:38] [Estatísticas de pacotes] 3 packets transmitted, 3 received, 0% packet loss, time 2041ms
[2025-05-19 10:22:38] [RTT] rtt min/avg/max/mdev = 0.143/0.183/0.228/0.034 ms
[2025-05-19 10:22:38] Enviando pacotes ICMP para 172.18.1.10...
[2025-05-19 10:22:40] Ping bem-sucedido.
[2025-05-19 10:22:40] [Estatísticas de pacotes] 3 packets transmitted, 3 received, 0% packet loss, time 2042ms
[2025-05-19 10:22:40] [RTT] rtt min/avg/max/mdev = 0.275/0.313/0.372/0.042 ms
[2025-05-19 10:22:40] Enviando pacotes ICMP para 172.18.1.11...
[2025-05-19 10:22:42] Ping bem-sucedido.
[2025-05-19 10:22:42] [Estatísticas de pacotes] 3 packets transmitted, 3 received, 0% packet loss, time 2042ms
[2025-05-19 10:22:42] [RTT] rtt min/avg/max/mdev = 0.192/0.251/0.284/0.042 ms
[2025-05-19 10:22:42] Enviando pacotes ICMP para 172.18.2.10...
[2025-05-19 10:22:44] Ping bem-sucedido.
[2025-05-19 10:22:44] [Estatísticas de pacotes] 3 packets transmitted, 3 received, 0% packet loss, time 2043ms
[2025-05-19 10:22:44] [RTT] rtt min/avg/max/mdev = 0.145/0.209/0.267/0.050 ms
[2025-05-19 10:22:44] Enviando pacotes ICMP para 172.18.2.11...
[2025-05-19 10:22:46] Ping bem-sucedido.
[2025-05-19 10:22:46] [Estatísticas de pacotes] 3 packets transmitted, 3 received, 0% packet loss, time 2042ms
[2025-05-19 10:22:46] [RTT] rtt min/avg/max/mdev = 0.130/0.184/0.240/0.044 ms
[2025-05-19 10:22:46] Enviando pacotes ICMP para 172.18.3.10...
[2025-05-19 10:22:48] Ping bem-sucedido.
[2025-05-19 10:22:48] [Estatísticas de pacotes] 3 packets transmitted, 3 received, 0% packet loss, time 2043ms
[2025-05-19 10:22:48] [RTT] rtt min/avg/max/mdev = 0.190/0.212/0.233/0.017 ms
[2025-05-19 10:22:48] Enviando pacotes ICMP para 172.18.3.11...
[2025-05-19 10:22:50] Ping bem-sucedido.
[2025-05-19 10:22:50] [Estatísticas de pacotes] 3 packets transmitted, 3 received, 0% packet loss, time 2028ms
[2025-05-19 10:22:50] [RTT] rtt min/avg/max/mdev = 0.077/0.144/0.197/0.050 ms
[2025-05-19 10:22:50] Enviando pacotes ICMP para 172.18.5.10...
[2025-05-19 10:22:52] Ping bem-sucedido.
[2025-05-19 10:22:52] [Estatísticas de pacotes] 3 packets transmitted, 3 received, 0% packet loss, time 2041ms
[2025-05-19 10:22:52] [RTT] rtt min/avg/max/mdev = 0.187/0.199/0.219/0.014 ms
[2025-05-19 10:22:52] Enviando pacotes ICMP para 172.18.5.11...
[2025-05-19 10:22:54] Ping bem-sucedido.
[2025-05-19 10:22:54] [Estatísticas de pacotes] 3 packets transmitted, 3 received, 0% packet loss, time 2042ms
[2025-05-19 10:22:54] [RTT] rtt min/avg/max/mdev = 0.184/0.207/0.224/0.016 ms
[2025-05-19 10:22:54] Enviando pacotes ICMP para 172.18.6.10...
[2025-05-19 10:22:56] Ping bem-sucedido.
[2025-05-19 10:22:56] [Estatísticas de pacotes] 3 packets transmitted, 3 received, 0% packet loss, time 2042ms
[2025-05-19 10:22:56] [RTT] rtt min/avg/max/mdev = 0.212/0.219/0.224/0.005 ms
[2025-05-19 10:22:56] Enviando pacotes ICMP para 172.18.6.11...
[2025-05-19 10:22:58] Ping bem-sucedido.
[2025-05-19 10:22:58] [Estatísticas de pacotes] 3 packets transmitted, 3 received, 0% packet loss, time 2042ms
[2025-05-19 10:22:58] [RTT] rtt min/avg/max/mdev = 0.230/0.238/0.245/0.006 ms
[2025-05-19 10:22:58] Enviando pacotes ICMP para 172.18.7.10...
[2025-05-19 10:23:01] Ping bem-sucedido.
[2025-05-19 10:23:01] [Estatísticas de pacotes] 3 packets transmitted, 3 received, 0% packet loss, time 2042ms
[2025-05-19 10:23:01] [RTT] rtt min/avg/max/mdev = 0.252/0.268/0.277/0.011 ms
[2025-05-19 10:23:01] Enviando pacotes ICMP para 172.18.7.11...
[2025-05-19 10:23:03] Ping bem-sucedido.
[2025-05-19 10:23:03] [Estatísticas de pacotes] 3 packets transmitted, 3 received, 0% packet loss, time 2041ms
[2025-05-19 10:23:03] [RTT] rtt min/avg/max/mdev = 0.270/0.277/0.282/0.005 ms
[2025-05-19 10:23:03] Enviando pacotes ICMP para 172.18.8.10...
[2025-05-19 10:23:05] Ping bem-sucedido.
[2025-05-19 10:23:05] [Estatísticas de pacotes] 3 packets transmitted, 3 received, 0% packet loss, time 2042ms
[2025-05-19 10:23:05] [RTT] rtt min/avg/max/mdev = 0.298/0.309/0.329/0.013 ms
[2025-05-19 10:23:05] Enviando pacotes ICMP para 172.18.8.11...
[2025-05-19 10:23:07] Ping bem-sucedido.
[2025-05-19 10:23:07] [Estatísticas de pacotes] 3 packets transmitted, 3 received, 0% packet loss, time 2042ms
[2025-05-19 10:23:07] [RTT] rtt min/avg/max/mdev = 0.321/0.354/0.388/0.027 ms
[2025-05-19 10:23:07] Testes finalizados.
