[2025-05-19 10:22:33] Inicializando host...
[2025-05-19 10:22:33] Definindo rota padrão via 172.18.8.3...
[2025-05-19 10:22:33] Gateway configurado com sucesso.
[2025-05-19 10:22:33] Iniciando testes de conectividade...
[2025-05-19 10:22:33] Enviando pacotes ICMP para 172.18.8.3...
[2025-05-19 10:22:35] Ping bem-sucedido.
[2025-05-19 10:22:35] [Estatísticas de pacotes] 3 packets transmitted, 3 received, 0% packet loss, time 2047ms
[2025-05-19 10:22:35] [RTT] rtt min/avg/max/mdev = 0.123/0.129/0.137/0.005 ms
[2025-05-19 10:22:35] Enviando pacotes ICMP para 172.18.8.11...
[2025-05-19 10:22:38] Ping bem-sucedido.
[2025-05-19 10:22:38] [Estatísticas de pacotes] 3 packets transmitted, 3 received, 0% packet loss, time 2047ms
[2025-05-19 10:22:38] [RTT] rtt min/avg/max/mdev = 0.147/0.165/0.182/0.014 ms
[2025-05-19 10:22:38] Enviando pacotes ICMP para 172.18.7.11...
[2025-05-19 10:22:40] Ping bem-sucedido.
[2025-05-19 10:22:40] [Estatísticas de pacotes] 3 packets transmitted, 3 received, 0% packet loss, time 2038ms
[2025-05-19 10:22:40] [RTT] rtt min/avg/max/mdev = 0.203/0.233/0.252/0.021 ms
[2025-05-19 10:22:40] Enviando pacotes ICMP para 172.18.7.10...
[2025-05-19 10:22:42] Ping bem-sucedido.
[2025-05-19 10:22:42] [Estatísticas de pacotes] 3 packets transmitted, 3 received, 0% packet loss, time 2044ms
[2025-05-19 10:22:42] [RTT] rtt min/avg/max/mdev = 0.177/0.200/0.240/0.028 ms
[2025-05-19 10:22:42] Enviando pacotes ICMP para 172.18.5.10...
[2025-05-19 10:22:44] Ping bem-sucedido.
[2025-05-19 10:22:44] [Estatísticas de pacotes] 3 packets transmitted, 3 received, 0% packet loss, time 2043ms
[2025-05-19 10:22:44] [RTT] rtt min/avg/max/mdev = 0.252/0.286/0.311/0.025 ms
[2025-05-19 10:22:44] Enviando pacotes ICMP para 172.18.1.10...
[2025-05-19 10:22:46] Ping bem-sucedido.
[2025-05-19 10:22:46] [Estatísticas de pacotes] 3 packets transmitted, 3 received, 0% packet loss, time 2043ms
[2025-05-19 10:22:46] [RTT] rtt min/avg/max/mdev = 0.190/0.258/0.319/0.052 ms
[2025-05-19 10:22:46] Enviando pacotes ICMP para 172.18.1.11...
[2025-05-19 10:22:48] Ping bem-sucedido.
[2025-05-19 10:22:48] [Estatísticas de pacotes] 3 packets transmitted, 3 received, 0% packet loss, time 2036ms
[2025-05-19 10:22:48] [RTT] rtt min/avg/max/mdev = 0.153/0.187/0.211/0.024 ms
[2025-05-19 10:22:48] Enviando pacotes ICMP para 172.18.2.10...
[2025-05-19 10:22:50] Ping bem-sucedido.
[2025-05-19 10:22:50] [Estatísticas de pacotes] 3 packets transmitted, 3 received, 0% packet loss, time 2043ms
[2025-05-19 10:22:50] [RTT] rtt min/avg/max/mdev = 0.170/0.210/0.252/0.033 ms
[2025-05-19 10:22:50] Enviando pacotes ICMP para 172.18.2.11...
[2025-05-19 10:22:52] Ping bem-sucedido.
[2025-05-19 10:22:52] [Estatísticas de pacotes] 3 packets transmitted, 3 received, 0% packet loss, time 2042ms
[2025-05-19 10:22:52] [RTT] rtt min/avg/max/mdev = 0.174/0.216/0.269/0.039 ms
[2025-05-19 10:22:52] Enviando pacotes ICMP para 172.18.3.10...
[2025-05-19 10:22:54] Ping bem-sucedido.
[2025-05-19 10:22:54] [Estatísticas de pacotes] 3 packets transmitted, 3 received, 0% packet loss, time 2042ms
[2025-05-19 10:22:54] [RTT] rtt min/avg/max/mdev = 0.234/0.257/0.301/0.031 ms
[2025-05-19 10:22:54] Enviando pacotes ICMP para 172.18.3.11...
[2025-05-19 10:22:56] Ping bem-sucedido.
[2025-05-19 10:22:56] [Estatísticas de pacotes] 3 packets transmitted, 3 received, 0% packet loss, time 2043ms
[2025-05-19 10:22:56] [RTT] rtt min/avg/max/mdev = 0.234/0.272/0.305/0.029 ms
[2025-05-19 10:22:56] Enviando pacotes ICMP para 172.18.4.10...
[2025-05-19 10:22:58] Ping bem-sucedido.
[2025-05-19 10:22:58] [Estatísticas de pacotes] 3 packets transmitted, 3 received, 0% packet loss, time 2041ms
[2025-05-19 10:22:58] [RTT] rtt min/avg/max/mdev = 0.247/0.281/0.324/0.032 ms
[2025-05-19 10:22:58] Enviando pacotes ICMP para 172.18.4.11...
[2025-05-19 10:23:00] Ping bem-sucedido.
[2025-05-19 10:23:00] [Estatísticas de pacotes] 3 packets transmitted, 3 received, 0% packet loss, time 2049ms
[2025-05-19 10:23:00] [RTT] rtt min/avg/max/mdev = 0.191/0.257/0.319/0.052 ms
[2025-05-19 10:23:00] Enviando pacotes ICMP para 172.18.5.11...
[2025-05-19 10:23:02] Ping bem-sucedido.
[2025-05-19 10:23:02] [Estatísticas de pacotes] 3 packets transmitted, 3 received, 0% packet loss, time 2038ms
[2025-05-19 10:23:02] [RTT] rtt min/avg/max/mdev = 0.263/0.268/0.274/0.004 ms
[2025-05-19 10:23:02] Enviando pacotes ICMP para 172.18.6.10...
[2025-05-19 10:23:04] Ping bem-sucedido.
[2025-05-19 10:23:04] [Estatísticas de pacotes] 3 packets transmitted, 3 received, 0% packet loss, time 2043ms
[2025-05-19 10:23:04] [RTT] rtt min/avg/max/mdev = 0.211/0.234/0.251/0.017 ms
[2025-05-19 10:23:04] Enviando pacotes ICMP para 172.18.6.11...
[2025-05-19 10:23:06] Ping bem-sucedido.
[2025-05-19 10:23:06] [Estatísticas de pacotes] 3 packets transmitted, 3 received, 0% packet loss, time 2043ms
[2025-05-19 10:23:06] [RTT] rtt min/avg/max/mdev = 0.220/0.248/0.267/0.020 ms
[2025-05-19 10:23:06] Testes finalizados.
