[2025-05-19 10:22:34] Inicializando host...
[2025-05-19 10:22:34] Definindo rota padrão via 172.18.3.3...
[2025-05-19 10:22:34] Gateway configurado com sucesso.
[2025-05-19 10:22:34] Iniciando testes de conectividade...
[2025-05-19 10:22:34] Enviando pacotes ICMP para 172.18.3.3...
[2025-05-19 10:22:36] Ping bem-sucedido.
[2025-05-19 10:22:36] [Estatísticas de pacotes] 3 packets transmitted, 3 received, 0% packet loss, time 2033ms
[2025-05-19 10:22:36] [RTT] rtt min/avg/max/mdev = 0.125/0.166/0.208/0.033 ms
[2025-05-19 10:22:36] Enviando pacotes ICMP para 172.18.3.11...
[2025-05-19 10:22:38] Ping bem-sucedido.
[2025-05-19 10:22:38] [Estatísticas de pacotes] 3 packets transmitted, 3 received, 0% packet loss, time 2043ms
[2025-05-19 10:22:38] [RTT] rtt min/avg/max/mdev = 0.089/0.133/0.160/0.031 ms
[2025-05-19 10:22:38] Enviando pacotes ICMP para 172.18.1.10...
[2025-05-19 10:22:40] Ping bem-sucedido.
[2025-05-19 10:22:40] [Estatísticas de pacotes] 3 packets transmitted, 3 received, 0% packet loss, time 2043ms
[2025-05-19 10:22:40] [RTT] rtt min/avg/max/mdev = 0.116/0.184/0.280/0.069 ms
[2025-05-19 10:22:40] Enviando pacotes ICMP para 172.18.1.11...
[2025-05-19 10:22:42] Ping bem-sucedido.
[2025-05-19 10:22:42] [Estatísticas de pacotes] 3 packets transmitted, 3 received, 0% packet loss, time 2043ms
[2025-05-19 10:22:42] [RTT] rtt min/avg/max/mdev = 0.180/0.244/0.281/0.045 ms
[2025-05-19 10:22:42] Enviando pacotes ICMP para 172.18.2.10...
[2025-05-19 10:22:44] Ping bem-sucedido.
[2025-05-19 10:22:44] [Estatísticas de pacotes] 3 packets transmitted, 3 received, 0% packet loss, time 2043ms
[2025-05-19 10:22:44] [RTT] rtt min/avg/max/mdev = 0.119/0.177/0.220/0.042 ms
[2025-05-19 10:22:44] Enviando pacotes ICMP para 172.18.2.11...
[2025-05-19 10:22:46] Ping bem-sucedido.
[2025-05-19 10:22:46] [Estatísticas de pacotes] 3 packets transmitted, 3 received, 0% packet loss, time 2043ms
[2025-05-19 10:22:46] [RTT] rtt min/avg/max/mdev = 0.171/0.197/0.234/0.026 ms
[2025-05-19 10:22:46] Enviando pacotes ICMP para 172.18.4.10...
[2025-05-19 10:22:48] Ping bem-sucedido.
[2025-05-19 10:22:48] [Estatísticas de pacotes] 3 packets transmitted, 3 received, 0% packet loss, time 2043ms
[2025-05-19 10:22:48] [RTT] rtt min/avg/max/mdev = 0.104/0.163/0.234/0.053 ms
[2025-05-19 10:22:48] Enviando pacotes ICMP para 172.18.4.11...
[2025-05-19 10:22:50] Ping bem-sucedido.
[2025-05-19 10:22:50] [Estatísticas de pacotes] 3 packets transmitted, 3 received, 0% packet loss, time 2043ms
[2025-05-19 10:22:50] [RTT] rtt min/avg/max/mdev = 0.152/0.183/0.213/0.024 ms
[2025-05-19 10:22:50] Enviando pacotes ICMP para 172.18.5.10...
[2025-05-19 10:22:52] Ping bem-sucedido.
[2025-05-19 10:22:52] [Estatísticas de pacotes] 3 packets transmitted, 3 received, 0% packet loss, time 2043ms
[2025-05-19 10:22:52] [RTT] rtt min/avg/max/mdev = 0.197/0.213/0.242/0.020 ms
[2025-05-19 10:22:52] Enviando pacotes ICMP para 172.18.5.11...
[2025-05-19 10:22:54] Ping bem-sucedido.
[2025-05-19 10:22:54] [Estatísticas de pacotes] 3 packets transmitted, 3 received, 0% packet loss, time 2043ms
[2025-05-19 10:22:54] [RTT] rtt min/avg/max/mdev = 0.218/0.265/0.298/0.034 ms
[2025-05-19 10:22:54] Enviando pacotes ICMP para 172.18.6.10...
[2025-05-19 10:22:57] Ping bem-sucedido.
[2025-05-19 10:22:57] [Estatísticas de pacotes] 3 packets transmitted, 3 received, 0% packet loss, time 2042ms
[2025-05-19 10:22:57] [RTT] rtt min/avg/max/mdev = 0.240/0.262/0.295/0.023 ms
[2025-05-19 10:22:57] Enviando pacotes ICMP para 172.18.6.11...
[2025-05-19 10:22:59] Ping bem-sucedido.
[2025-05-19 10:22:59] [Estatísticas de pacotes] 3 packets transmitted, 3 received, 0% packet loss, time 2042ms
[2025-05-19 10:22:59] [RTT] rtt min/avg/max/mdev = 0.248/0.293/0.379/0.060 ms
[2025-05-19 10:22:59] Enviando pacotes ICMP para 172.18.7.10...
[2025-05-19 10:23:01] Ping bem-sucedido.
[2025-05-19 10:23:01] [Estatísticas de pacotes] 3 packets transmitted, 3 received, 0% packet loss, time 2043ms
[2025-05-19 10:23:01] [RTT] rtt min/avg/max/mdev = 0.323/0.344/0.387/0.029 ms
[2025-05-19 10:23:01] Enviando pacotes ICMP para 172.18.7.11...
[2025-05-19 10:23:03] Ping bem-sucedido.
[2025-05-19 10:23:03] [Estatísticas de pacotes] 3 packets transmitted, 3 received, 0% packet loss, time 2042ms
[2025-05-19 10:23:03] [RTT] rtt min/avg/max/mdev = 0.306/0.317/0.326/0.008 ms
[2025-05-19 10:23:03] Enviando pacotes ICMP para 172.18.8.10...
[2025-05-19 10:23:05] Ping bem-sucedido.
[2025-05-19 10:23:05] [Estatísticas de pacotes] 3 packets transmitted, 3 received, 0% packet loss, time 2043ms
[2025-05-19 10:23:05] [RTT] rtt min/avg/max/mdev = 0.264/0.284/0.309/0.018 ms
[2025-05-19 10:23:05] Enviando pacotes ICMP para 172.18.8.11...
[2025-05-19 10:23:07] Ping bem-sucedido.
[2025-05-19 10:23:07] [Estatísticas de pacotes] 3 packets transmitted, 3 received, 0% packet loss, time 2043ms
[2025-05-19 10:23:07] [RTT] rtt min/avg/max/mdev = 0.266/0.305/0.335/0.029 ms
[2025-05-19 10:23:07] Testes finalizados.
