[2025-05-19 10:22:32] Inicializando host...
[2025-05-19 10:22:32] Definindo rota padrão via 172.18.6.3...
[2025-05-19 10:22:32] Gateway configurado com sucesso.
[2025-05-19 10:22:32] Iniciando testes de conectividade...
[2025-05-19 10:22:32] Enviando pacotes ICMP para 172.18.6.3...
[2025-05-19 10:22:34] Ping bem-sucedido.
[2025-05-19 10:22:34] [Estatísticas de pacotes] 3 packets transmitted, 3 received, 0% packet loss, time 2044ms
[2025-05-19 10:22:34] [RTT] rtt min/avg/max/mdev = 0.131/0.155/0.185/0.022 ms
[2025-05-19 10:22:34] Enviando pacotes ICMP para 172.18.6.11...
[2025-05-19 10:22:36] Ping bem-sucedido.
[2025-05-19 10:22:36] [Estatísticas de pacotes] 3 packets transmitted, 3 received, 0% packet loss, time 2044ms
[2025-05-19 10:22:36] [RTT] rtt min/avg/max/mdev = 0.115/0.142/0.179/0.026 ms
[2025-05-19 10:22:36] Enviando pacotes ICMP para 172.18.7.10...
[2025-05-19 10:22:38] Ping bem-sucedido.
[2025-05-19 10:22:38] [Estatísticas de pacotes] 3 packets transmitted, 3 received, 0% packet loss, time 2041ms
[2025-05-19 10:22:38] [RTT] rtt min/avg/max/mdev = 0.187/0.226/0.252/0.028 ms
[2025-05-19 10:22:38] Enviando pacotes ICMP para 172.18.7.11...
[2025-05-19 10:22:40] Ping bem-sucedido.
[2025-05-19 10:22:40] [Estatísticas de pacotes] 3 packets transmitted, 3 received, 0% packet loss, time 2042ms
[2025-05-19 10:22:40] [RTT] rtt min/avg/max/mdev = 0.191/0.216/0.263/0.033 ms
[2025-05-19 10:22:40] Enviando pacotes ICMP para 172.18.8.10...
[2025-05-19 10:22:42] Ping bem-sucedido.
[2025-05-19 10:22:42] [Estatísticas de pacotes] 3 packets transmitted, 3 received, 0% packet loss, time 2043ms
[2025-05-19 10:22:42] [RTT] rtt min/avg/max/mdev = 0.216/0.230/0.254/0.016 ms
[2025-05-19 10:22:42] Enviando pacotes ICMP para 172.18.8.11...
[2025-05-19 10:22:44] Ping bem-sucedido.
[2025-05-19 10:22:44] [Estatísticas de pacotes] 3 packets transmitted, 3 received, 0% packet loss, time 2042ms
[2025-05-19 10:22:44] [RTT] rtt min/avg/max/mdev = 0.234/0.261/0.285/0.020 ms
[2025-05-19 10:22:44] Enviando pacotes ICMP para 172.18.5.10...
[2025-05-19 10:22:46] Ping bem-sucedido.
[2025-05-19 10:22:46] [Estatísticas de pacotes] 3 packets transmitted, 3 received, 0% packet loss, time 2042ms
[2025-05-19 10:22:46] [RTT] rtt min/avg/max/mdev = 0.242/0.253/0.274/0.014 ms
[2025-05-19 10:22:46] Enviando pacotes ICMP para 172.18.1.10...
[2025-05-19 10:22:48] Ping bem-sucedido.
[2025-05-19 10:22:48] [Estatísticas de pacotes] 3 packets transmitted, 3 received, 0% packet loss, time 2042ms
[2025-05-19 10:22:48] [RTT] rtt min/avg/max/mdev = 0.246/0.275/0.304/0.023 ms
[2025-05-19 10:22:48] Enviando pacotes ICMP para 172.18.1.11...
[2025-05-19 10:22:50] Ping bem-sucedido.
[2025-05-19 10:22:50] [Estatísticas de pacotes] 3 packets transmitted, 3 received, 0% packet loss, time 2042ms
[2025-05-19 10:22:50] [RTT] rtt min/avg/max/mdev = 0.214/0.252/0.290/0.031 ms
[2025-05-19 10:22:50] Enviando pacotes ICMP para 172.18.2.10...
[2025-05-19 10:22:52] Ping bem-sucedido.
[2025-05-19 10:22:52] [Estatísticas de pacotes] 3 packets transmitted, 3 received, 0% packet loss, time 2010ms
[2025-05-19 10:22:52] [RTT] rtt min/avg/max/mdev = 0.312/0.337/0.379/0.029 ms
[2025-05-19 10:22:52] Enviando pacotes ICMP para 172.18.2.11...
[2025-05-19 10:22:54] Ping bem-sucedido.
[2025-05-19 10:22:54] [Estatísticas de pacotes] 3 packets transmitted, 3 received, 0% packet loss, time 2042ms
[2025-05-19 10:22:54] [RTT] rtt min/avg/max/mdev = 0.298/0.311/0.322/0.009 ms
[2025-05-19 10:22:54] Enviando pacotes ICMP para 172.18.3.10...
[2025-05-19 10:22:56] Ping bem-sucedido.
[2025-05-19 10:22:56] [Estatísticas de pacotes] 3 packets transmitted, 3 received, 0% packet loss, time 2043ms
[2025-05-19 10:22:56] [RTT] rtt min/avg/max/mdev = 0.225/0.256/0.291/0.027 ms
[2025-05-19 10:22:56] Enviando pacotes ICMP para 172.18.3.11...
[2025-05-19 10:22:58] Ping bem-sucedido.
[2025-05-19 10:22:58] [Estatísticas de pacotes] 3 packets transmitted, 3 received, 0% packet loss, time 2043ms
[2025-05-19 10:22:58] [RTT] rtt min/avg/max/mdev = 0.229/0.251/0.277/0.019 ms
[2025-05-19 10:22:58] Enviando pacotes ICMP para 172.18.4.10...
[2025-05-19 10:23:00] Ping bem-sucedido.
[2025-05-19 10:23:00] [Estatísticas de pacotes] 3 packets transmitted, 3 received, 0% packet loss, time 2043ms
[2025-05-19 10:23:00] [RTT] rtt min/avg/max/mdev = 0.142/0.197/0.228/0.039 ms
[2025-05-19 10:23:00] Enviando pacotes ICMP para 172.18.4.11...
[2025-05-19 10:23:02] Ping bem-sucedido.
[2025-05-19 10:23:02] [Estatísticas de pacotes] 3 packets transmitted, 3 received, 0% packet loss, time 2043ms
[2025-05-19 10:23:02] [RTT] rtt min/avg/max/mdev = 0.220/0.243/0.283/0.028 ms
[2025-05-19 10:23:02] Enviando pacotes ICMP para 172.18.5.11...
[2025-05-19 10:23:04] Ping bem-sucedido.
[2025-05-19 10:23:04] [Estatísticas de pacotes] 3 packets transmitted, 3 received, 0% packet loss, time 2042ms
[2025-05-19 10:23:04] [RTT] rtt min/avg/max/mdev = 0.153/0.192/0.223/0.029 ms
[2025-05-19 10:23:04] Testes finalizados.
[2025-05-21 23:52:55] Inicializando host...
[2025-05-21 23:52:55] Definindo rota padrão via 172.18.6.3...
[2025-05-21 23:52:55] Gateway configurado com sucesso.
[2025-05-21 23:52:55] Iniciando testes de conectividade...
[2025-05-21 23:52:55] Enviando pacotes ICMP para 172.18.6.3...
[2025-05-21 23:52:57] Ping bem-sucedido.
[2025-05-21 23:52:57] [Estatísticas de pacotes] 3 packets transmitted, 3 received, 0% packet loss, time 2013ms
[2025-05-21 23:52:57] [RTT] rtt min/avg/max/mdev = 0.170/0.184/0.197/0.011 ms
[2025-05-21 23:52:57] Enviando pacotes ICMP para 172.18.6.11...
[2025-05-21 23:52:59] Ping bem-sucedido.
[2025-05-21 23:52:59] [Estatísticas de pacotes] 3 packets transmitted, 3 received, 0% packet loss, time 2043ms
[2025-05-21 23:52:59] [RTT] rtt min/avg/max/mdev = 0.110/0.143/0.184/0.030 ms
[2025-05-21 23:52:59] Enviando pacotes ICMP para 172.18.7.10...
[2025-05-21 23:53:02] Ping bem-sucedido.
[2025-05-21 23:53:02] [Estatísticas de pacotes] 3 packets transmitted, 3 received, 0% packet loss, time 2011ms
[2025-05-21 23:53:02] [RTT] rtt min/avg/max/mdev = 0.145/0.180/0.238/0.040 ms
[2025-05-21 23:53:02] Enviando pacotes ICMP para 172.18.7.11...
[2025-05-21 23:53:04] Ping bem-sucedido.
[2025-05-21 23:53:04] [Estatísticas de pacotes] 3 packets transmitted, 3 received, 0% packet loss, time 2044ms
[2025-05-21 23:53:04] [RTT] rtt min/avg/max/mdev = 0.165/0.216/0.279/0.047 ms
[2025-05-21 23:53:04] Enviando pacotes ICMP para 172.18.8.10...
[2025-05-21 23:53:06] Ping bem-sucedido.
[2025-05-21 23:53:06] [Estatísticas de pacotes] 3 packets transmitted, 3 received, 0% packet loss, time 2043ms
[2025-05-21 23:53:06] [RTT] rtt min/avg/max/mdev = 0.108/0.187/0.234/0.056 ms
[2025-05-21 23:53:06] Enviando pacotes ICMP para 172.18.8.11...
[2025-05-21 23:53:08] Ping bem-sucedido.
[2025-05-21 23:53:08] [Estatísticas de pacotes] 3 packets transmitted, 3 received, 0% packet loss, time 2045ms
[2025-05-21 23:53:08] [RTT] rtt min/avg/max/mdev = 0.146/0.178/0.206/0.024 ms
[2025-05-21 23:53:08] Enviando pacotes ICMP para 172.18.5.10...
[2025-05-21 23:53:10] Ping bem-sucedido.
[2025-05-21 23:53:10] [Estatísticas de pacotes] 3 packets transmitted, 3 received, 0% packet loss, time 2043ms
[2025-05-21 23:53:10] [RTT] rtt min/avg/max/mdev = 0.225/0.236/0.253/0.012 ms
[2025-05-21 23:53:10] Enviando pacotes ICMP para 172.18.1.10...
[2025-05-21 23:53:12] Ping bem-sucedido.
[2025-05-21 23:53:12] [Estatísticas de pacotes] 3 packets transmitted, 3 received, 0% packet loss, time 2042ms
[2025-05-21 23:53:12] [RTT] rtt min/avg/max/mdev = 0.265/0.290/0.327/0.026 ms
[2025-05-21 23:53:12] Enviando pacotes ICMP para 172.18.1.11...
[2025-05-21 23:53:14] Ping bem-sucedido.
[2025-05-21 23:53:14] [Estatísticas de pacotes] 3 packets transmitted, 3 received, 0% packet loss, time 2043ms
[2025-05-21 23:53:14] [RTT] rtt min/avg/max/mdev = 0.217/0.261/0.320/0.043 ms
[2025-05-21 23:53:14] Enviando pacotes ICMP para 172.18.2.10...
[2025-05-21 23:53:16] Ping bem-sucedido.
[2025-05-21 23:53:16] [Estatísticas de pacotes] 3 packets transmitted, 3 received, 0% packet loss, time 2040ms
[2025-05-21 23:53:16] [RTT] rtt min/avg/max/mdev = 0.362/0.398/0.446/0.035 ms
[2025-05-21 23:53:16] Enviando pacotes ICMP para 172.18.2.11...
