[2025-05-19 10:22:34] Inicializando host...
[2025-05-19 10:22:34] Definindo rota padrão via 172.18.1.3...
[2025-05-19 10:22:34] Gateway configurado com sucesso.
[2025-05-19 10:22:34] Iniciando testes de conectividade...
[2025-05-19 10:22:34] Enviando pacotes ICMP para 172.18.1.3...
[2025-05-19 10:22:36] Ping bem-sucedido.
[2025-05-19 10:22:36] [Estatísticas de pacotes] 3 packets transmitted, 3 received, 0% packet loss, time 2035ms
[2025-05-19 10:22:36] [RTT] rtt min/avg/max/mdev = 0.158/0.181/0.227/0.032 ms
[2025-05-19 10:22:36] Enviando pacotes ICMP para 172.18.1.10...
[2025-05-19 10:22:38] Ping bem-sucedido.
[2025-05-19 10:22:38] [Estatísticas de pacotes] 3 packets transmitted, 3 received, 0% packet loss, time 2041ms
[2025-05-19 10:22:38] [RTT] rtt min/avg/max/mdev = 0.108/0.139/0.188/0.034 ms
[2025-05-19 10:22:38] Enviando pacotes ICMP para 172.18.2.10...
[2025-05-19 10:22:40] Ping bem-sucedido.
[2025-05-19 10:22:40] [Estatísticas de pacotes] 3 packets transmitted, 3 received, 0% packet loss, time 2040ms
[2025-05-19 10:22:40] [RTT] rtt min/avg/max/mdev = 0.221/0.263/0.312/0.037 ms
[2025-05-19 10:22:40] Enviando pacotes ICMP para 172.18.2.11...
[2025-05-19 10:22:42] Ping bem-sucedido.
[2025-05-19 10:22:42] [Estatísticas de pacotes] 3 packets transmitted, 3 received, 0% packet loss, time 2042ms
[2025-05-19 10:22:42] [RTT] rtt min/avg/max/mdev = 0.171/0.203/0.230/0.024 ms
[2025-05-19 10:22:42] Enviando pacotes ICMP para 172.18.3.10...
[2025-05-19 10:22:44] Ping bem-sucedido.
[2025-05-19 10:22:44] [Estatísticas de pacotes] 3 packets transmitted, 3 received, 0% packet loss, time 2042ms
[2025-05-19 10:22:44] [RTT] rtt min/avg/max/mdev = 0.238/0.267/0.292/0.022 ms
[2025-05-19 10:22:44] Enviando pacotes ICMP para 172.18.3.11...
[2025-05-19 10:22:46] Ping bem-sucedido.
[2025-05-19 10:22:46] [Estatísticas de pacotes] 3 packets transmitted, 3 received, 0% packet loss, time 2042ms
[2025-05-19 10:22:46] [RTT] rtt min/avg/max/mdev = 0.214/0.251/0.270/0.026 ms
[2025-05-19 10:22:46] Enviando pacotes ICMP para 172.18.4.10...
[2025-05-19 10:22:48] Ping bem-sucedido.
[2025-05-19 10:22:48] [Estatísticas de pacotes] 3 packets transmitted, 3 received, 0% packet loss, time 2042ms
[2025-05-19 10:22:48] [RTT] rtt min/avg/max/mdev = 0.219/0.284/0.319/0.046 ms
[2025-05-19 10:22:48] Enviando pacotes ICMP para 172.18.4.11...
[2025-05-19 10:22:50] Ping bem-sucedido.
[2025-05-19 10:22:50] [Estatísticas de pacotes] 3 packets transmitted, 3 received, 0% packet loss, time 2042ms
[2025-05-19 10:22:50] [RTT] rtt min/avg/max/mdev = 0.222/0.281/0.326/0.043 ms
[2025-05-19 10:22:50] Enviando pacotes ICMP para 172.18.5.10...
[2025-05-19 10:22:52] Ping bem-sucedido.
[2025-05-19 10:22:52] [Estatísticas de pacotes] 3 packets transmitted, 3 received, 0% packet loss, time 2019ms
[2025-05-19 10:22:52] [RTT] rtt min/avg/max/mdev = 0.285/0.322/0.387/0.045 ms
[2025-05-19 10:22:52] Enviando pacotes ICMP para 172.18.5.11...
[2025-05-19 10:22:54] Ping bem-sucedido.
[2025-05-19 10:22:54] [Estatísticas de pacotes] 3 packets transmitted, 3 received, 0% packet loss, time 2032ms
[2025-05-19 10:22:54] [RTT] rtt min/avg/max/mdev = 0.297/0.336/0.396/0.042 ms
[2025-05-19 10:22:54] Enviando pacotes ICMP para 172.18.6.10...
[2025-05-19 10:22:56] Ping bem-sucedido.
[2025-05-19 10:22:56] [Estatísticas de pacotes] 3 packets transmitted, 3 received, 0% packet loss, time 2042ms
[2025-05-19 10:22:56] [RTT] rtt min/avg/max/mdev = 0.201/0.265/0.314/0.047 ms
[2025-05-19 10:22:56] Enviando pacotes ICMP para 172.18.6.11...
[2025-05-19 10:22:58] Ping bem-sucedido.
[2025-05-19 10:22:58] [Estatísticas de pacotes] 3 packets transmitted, 3 received, 0% packet loss, time 2041ms
[2025-05-19 10:22:58] [RTT] rtt min/avg/max/mdev = 0.258/0.289/0.319/0.024 ms
[2025-05-19 10:22:58] Enviando pacotes ICMP para 172.18.7.10...
[2025-05-19 10:23:00] Ping bem-sucedido.
[2025-05-19 10:23:00] [Estatísticas de pacotes] 3 packets transmitted, 3 received, 0% packet loss, time 2042ms
[2025-05-19 10:23:00] [RTT] rtt min/avg/max/mdev = 0.235/0.255/0.267/0.014 ms
[2025-05-19 10:23:00] Enviando pacotes ICMP para 172.18.7.11...
[2025-05-19 10:23:02] Ping bem-sucedido.
[2025-05-19 10:23:02] [Estatísticas de pacotes] 3 packets transmitted, 3 received, 0% packet loss, time 2041ms
[2025-05-19 10:23:02] [RTT] rtt min/avg/max/mdev = 0.241/0.254/0.271/0.012 ms
[2025-05-19 10:23:02] Enviando pacotes ICMP para 172.18.8.10...
[2025-05-19 10:23:05] Ping bem-sucedido.
[2025-05-19 10:23:05] [Estatísticas de pacotes] 3 packets transmitted, 3 received, 0% packet loss, time 2042ms
[2025-05-19 10:23:05] [RTT] rtt min/avg/max/mdev = 0.211/0.226/0.235/0.011 ms
[2025-05-19 10:23:05] Enviando pacotes ICMP para 172.18.8.11...
[2025-05-19 10:23:07] Ping bem-sucedido.
[2025-05-19 10:23:07] [Estatísticas de pacotes] 3 packets transmitted, 3 received, 0% packet loss, time 2043ms
[2025-05-19 10:23:07] [RTT] rtt min/avg/max/mdev = 0.194/0.228/0.264/0.028 ms
[2025-05-19 10:23:07] Testes finalizados.
