[2025-05-21 23:52:56] Inicializando host...
[2025-05-21 23:52:56] Definindo rota padrão via 172.18.5.3...
[2025-05-21 23:52:56] Gateway configurado com sucesso.
[2025-05-21 23:52:56] Iniciando testes de conectividade...
[2025-05-21 23:52:56] Enviando pacotes ICMP para 172.18.5.3...
[2025-05-21 23:52:58] Ping bem-sucedido.
[2025-05-21 23:52:58] [Estatísticas de pacotes] 3 packets transmitted, 3 received, 0% packet loss, time 2057ms
[2025-05-21 23:52:58] [RTT] rtt min/avg/max/mdev = 0.112/0.143/0.185/0.030 ms
[2025-05-21 23:52:58] Enviando pacotes ICMP para 172.18.5.11...
[2025-05-21 23:53:00] Ping bem-sucedido.
[2025-05-21 23:53:00] [Estatísticas de pacotes] 3 packets transmitted, 3 received, 0% packet loss, time 2043ms
[2025-05-21 23:53:00] [RTT] rtt min/avg/max/mdev = 0.124/0.151/0.187/0.026 ms
[2025-05-21 23:53:00] Enviando pacotes ICMP para 172.18.1.10...
[2025-05-21 23:53:03] Ping bem-sucedido.
[2025-05-21 23:53:03] [Estatísticas de pacotes] 3 packets transmitted, 3 received, 0% packet loss, time 2039ms
[2025-05-21 23:53:03] [RTT] rtt min/avg/max/mdev = 0.177/0.309/0.417/0.099 ms
[2025-05-21 23:53:03] Enviando pacotes ICMP para 172.18.1.11...
[2025-05-21 23:53:05] Ping bem-sucedido.
[2025-05-21 23:53:05] [Estatísticas de pacotes] 3 packets transmitted, 3 received, 0% packet loss, time 2042ms
[2025-05-21 23:53:05] [RTT] rtt min/avg/max/mdev = 0.292/0.293/0.297/0.002 ms
[2025-05-21 23:53:05] Enviando pacotes ICMP para 172.18.2.10...
[2025-05-21 23:53:07] Ping bem-sucedido.
[2025-05-21 23:53:07] [Estatísticas de pacotes] 3 packets transmitted, 3 received, 0% packet loss, time 2043ms
[2025-05-21 23:53:07] [RTT] rtt min/avg/max/mdev = 0.139/0.197/0.245/0.043 ms
[2025-05-21 23:53:07] Enviando pacotes ICMP para 172.18.2.11...
[2025-05-21 23:53:09] Ping bem-sucedido.
[2025-05-21 23:53:09] [Estatísticas de pacotes] 3 packets transmitted, 3 received, 0% packet loss, time 2015ms
[2025-05-21 23:53:09] [RTT] rtt min/avg/max/mdev = 0.212/0.234/0.247/0.016 ms
[2025-05-21 23:53:09] Enviando pacotes ICMP para 172.18.3.10...
[2025-05-21 23:53:11] Ping bem-sucedido.
[2025-05-21 23:53:11] [Estatísticas de pacotes] 3 packets transmitted, 3 received, 0% packet loss, time 2040ms
[2025-05-21 23:53:11] [RTT] rtt min/avg/max/mdev = 0.242/0.255/0.264/0.009 ms
[2025-05-21 23:53:11] Enviando pacotes ICMP para 172.18.3.11...
[2025-05-21 23:53:13] Ping bem-sucedido.
[2025-05-21 23:53:13] [Estatísticas de pacotes] 3 packets transmitted, 3 received, 0% packet loss, time 2043ms
[2025-05-21 23:53:13] [RTT] rtt min/avg/max/mdev = 0.198/0.221/0.238/0.017 ms
[2025-05-21 23:53:13] Enviando pacotes ICMP para 172.18.4.10...
[2025-05-21 23:53:15] Ping bem-sucedido.
[2025-05-21 23:53:15] [Estatísticas de pacotes] 3 packets transmitted, 3 received, 0% packet loss, time 2011ms
[2025-05-21 23:53:15] [RTT] rtt min/avg/max/mdev = 0.183/0.205/0.229/0.018 ms
[2025-05-21 23:53:15] Enviando pacotes ICMP para 172.18.4.11...
[2025-05-21 23:53:17] Ping bem-sucedido.
[2025-05-21 23:53:17] [Estatísticas de pacotes] 3 packets transmitted, 3 received, 0% packet loss, time 2048ms
[2025-05-21 23:53:17] [RTT] rtt min/avg/max/mdev = 0.113/0.157/0.193/0.033 ms
[2025-05-21 23:53:17] Enviando pacotes ICMP para 172.18.6.10...
[2025-05-21 23:59:49] Inicializando host...
[2025-05-21 23:59:49] Definindo rota padrão via 172.18.5.2...
[2025-05-21 23:59:49] Gateway configurado com sucesso.
[2025-05-21 23:59:49] Iniciando testes de conectividade...
[2025-05-21 23:59:49] Enviando pacotes ICMP para 172.18.1.10...
[2025-05-22 00:00:01] Ping bem-sucedido.
[2025-05-22 00:00:01] [Estatísticas de pacotes] 3 packets transmitted, 1 received, 66.6667% packet loss, time 2032ms
[2025-05-22 00:00:01] [RTT] rtt min/avg/max/mdev = 0.259/0.259/0.259/0.000 ms
[2025-05-22 00:00:01] Enviando pacotes ICMP para 172.18.1.11...
[2025-05-22 00:00:03] Ping bem-sucedido.
[2025-05-22 00:00:03] [Estatísticas de pacotes] 3 packets transmitted, 3 received, 0% packet loss, time 2032ms
[2025-05-22 00:00:03] [RTT] rtt min/avg/max/mdev = 0.208/0.249/0.288/0.032 ms
[2025-05-22 00:00:03] Enviando pacotes ICMP para 172.18.2.10...
[2025-05-22 00:00:06] Ping bem-sucedido.
[2025-05-22 00:00:06] [Estatísticas de pacotes] 3 packets transmitted, 3 received, 0% packet loss, time 2038ms
[2025-05-22 00:00:06] [RTT] rtt min/avg/max/mdev = 0.200/0.253/0.281/0.037 ms
[2025-05-22 00:00:06] Enviando pacotes ICMP para 172.18.2.11...
[2025-05-22 00:00:08] Ping bem-sucedido.
[2025-05-22 00:00:08] [Estatísticas de pacotes] 3 packets transmitted, 3 received, 0% packet loss, time 2044ms
[2025-05-22 00:00:08] [RTT] rtt min/avg/max/mdev = 0.219/0.229/0.241/0.009 ms
[2025-05-22 00:00:08] Enviando pacotes ICMP para 172.18.3.10...
[2025-05-22 00:00:10] Ping bem-sucedido.
[2025-05-22 00:00:10] [Estatísticas de pacotes] 3 packets transmitted, 3 received, 0% packet loss, time 2044ms
[2025-05-22 00:00:10] [RTT] rtt min/avg/max/mdev = 0.218/0.252/0.272/0.024 ms
[2025-05-22 00:00:10] Enviando pacotes ICMP para 172.18.3.11...
[2025-05-22 00:00:12] Ping bem-sucedido.
[2025-05-22 00:00:12] [Estatísticas de pacotes] 3 packets transmitted, 3 received, 0% packet loss, time 2046ms
[2025-05-22 00:00:12] [RTT] rtt min/avg/max/mdev = 0.177/0.223/0.248/0.032 ms
[2025-05-22 00:00:12] Enviando pacotes ICMP para 172.18.4.10...
[2025-05-22 00:00:14] Ping bem-sucedido.
[2025-05-22 00:00:14] [Estatísticas de pacotes] 3 packets transmitted, 3 received, 0% packet loss, time 2039ms
[2025-05-22 00:00:14] [RTT] rtt min/avg/max/mdev = 0.196/0.216/0.229/0.014 ms
[2025-05-22 00:00:14] Enviando pacotes ICMP para 172.18.4.11...
[2025-05-22 00:00:16] Ping bem-sucedido.
[2025-05-22 00:00:16] [Estatísticas de pacotes] 3 packets transmitted, 3 received, 0% packet loss, time 2042ms
[2025-05-22 00:00:16] [RTT] rtt min/avg/max/mdev = 0.194/0.224/0.273/0.034 ms
[2025-05-22 00:00:16] Enviando pacotes ICMP para 172.18.5.11...
