[2025-05-19 10:22:33] Inicializando host...
[2025-05-19 10:22:33] Definindo rota padrão via 172.18.3.3...
[2025-05-19 10:22:33] Gateway configurado com sucesso.
[2025-05-19 10:22:33] Iniciando testes de conectividade...
[2025-05-19 10:22:33] Enviando pacotes ICMP para 172.18.3.3...
[2025-05-19 10:22:35] Ping bem-sucedido.
[2025-05-19 10:22:35] [Estatísticas de pacotes] 3 packets transmitted, 3 received, 0% packet loss, time 2058ms
[2025-05-19 10:22:35] [RTT] rtt min/avg/max/mdev = 0.097/0.140/0.209/0.049 ms
[2025-05-19 10:22:35] Enviando pacotes ICMP para 172.18.3.10...
[2025-05-19 10:22:37] Ping bem-sucedido.
[2025-05-19 10:22:37] [Estatísticas de pacotes] 3 packets transmitted, 3 received, 0% packet loss, time 2040ms
[2025-05-19 10:22:37] [RTT] rtt min/avg/max/mdev = 0.055/0.101/0.189/0.062 ms
[2025-05-19 10:22:37] Enviando pacotes ICMP para 172.18.1.10...
[2025-05-19 10:22:39] Ping bem-sucedido.
[2025-05-19 10:22:39] [Estatísticas de pacotes] 3 packets transmitted, 3 received, 0% packet loss, time 2042ms
[2025-05-19 10:22:39] [RTT] rtt min/avg/max/mdev = 0.191/0.271/0.346/0.063 ms
[2025-05-19 10:22:39] Enviando pacotes ICMP para 172.18.1.11...
[2025-05-19 10:22:41] Ping bem-sucedido.
[2025-05-19 10:22:41] [Estatísticas de pacotes] 3 packets transmitted, 3 received, 0% packet loss, time 2041ms
[2025-05-19 10:22:41] [RTT] rtt min/avg/max/mdev = 0.182/0.242/0.279/0.043 ms
[2025-05-19 10:22:41] Enviando pacotes ICMP para 172.18.2.10...
[2025-05-19 10:22:43] Ping bem-sucedido.
[2025-05-19 10:22:43] [Estatísticas de pacotes] 3 packets transmitted, 3 received, 0% packet loss, time 2041ms
[2025-05-19 10:22:43] [RTT] rtt min/avg/max/mdev = 0.165/0.208/0.231/0.030 ms
[2025-05-19 10:22:43] Enviando pacotes ICMP para 172.18.2.11...
[2025-05-19 10:22:45] Ping bem-sucedido.
[2025-05-19 10:22:45] [Estatísticas de pacotes] 3 packets transmitted, 3 received, 0% packet loss, time 2042ms
[2025-05-19 10:22:45] [RTT] rtt min/avg/max/mdev = 0.154/0.205/0.234/0.036 ms
[2025-05-19 10:22:45] Enviando pacotes ICMP para 172.18.4.10...
[2025-05-19 10:22:47] Ping bem-sucedido.
[2025-05-19 10:22:47] [Estatísticas de pacotes] 3 packets transmitted, 3 received, 0% packet loss, time 2041ms
[2025-05-19 10:22:47] [RTT] rtt min/avg/max/mdev = 0.157/0.227/0.291/0.054 ms
[2025-05-19 10:22:47] Enviando pacotes ICMP para 172.18.4.11...
[2025-05-19 10:22:49] Ping bem-sucedido.
[2025-05-19 10:22:49] [Estatísticas de pacotes] 3 packets transmitted, 3 received, 0% packet loss, time 2019ms
[2025-05-19 10:22:49] [RTT] rtt min/avg/max/mdev = 0.168/0.482/1.054/0.404 ms
[2025-05-19 10:22:49] Enviando pacotes ICMP para 172.18.5.10...
[2025-05-19 10:22:51] Ping bem-sucedido.
[2025-05-19 10:22:51] [Estatísticas de pacotes] 3 packets transmitted, 3 received, 0% packet loss, time 2035ms
[2025-05-19 10:22:51] [RTT] rtt min/avg/max/mdev = 0.227/0.252/0.297/0.031 ms
[2025-05-19 10:22:51] Enviando pacotes ICMP para 172.18.5.11...
[2025-05-19 10:22:53] Ping bem-sucedido.
[2025-05-19 10:22:53] [Estatísticas de pacotes] 3 packets transmitted, 3 received, 0% packet loss, time 2040ms
[2025-05-19 10:22:53] [RTT] rtt min/avg/max/mdev = 0.237/0.261/0.290/0.021 ms
[2025-05-19 10:22:53] Enviando pacotes ICMP para 172.18.6.10...
[2025-05-19 10:22:55] Ping bem-sucedido.
[2025-05-19 10:22:55] [Estatísticas de pacotes] 3 packets transmitted, 3 received, 0% packet loss, time 2042ms
[2025-05-19 10:22:55] [RTT] rtt min/avg/max/mdev = 0.260/0.300/0.337/0.031 ms
[2025-05-19 10:22:55] Enviando pacotes ICMP para 172.18.6.11...
[2025-05-19 10:22:58] Ping bem-sucedido.
[2025-05-19 10:22:58] [Estatísticas de pacotes] 3 packets transmitted, 3 received, 0% packet loss, time 2041ms
[2025-05-19 10:22:58] [RTT] rtt min/avg/max/mdev = 0.330/0.349/0.384/0.024 ms
[2025-05-19 10:22:58] Enviando pacotes ICMP para 172.18.7.10...
[2025-05-19 10:23:00] Ping bem-sucedido.
[2025-05-19 10:23:00] [Estatísticas de pacotes] 3 packets transmitted, 3 received, 0% packet loss, time 2042ms
[2025-05-19 10:23:00] [RTT] rtt min/avg/max/mdev = 0.361/0.386/0.420/0.024 ms
[2025-05-19 10:23:00] Enviando pacotes ICMP para 172.18.7.11...
[2025-05-19 10:23:02] Ping bem-sucedido.
[2025-05-19 10:23:02] [Estatísticas de pacotes] 3 packets transmitted, 3 received, 0% packet loss, time 2041ms
[2025-05-19 10:23:02] [RTT] rtt min/avg/max/mdev = 0.285/0.357/0.413/0.053 ms
[2025-05-19 10:23:02] Enviando pacotes ICMP para 172.18.8.10...
[2025-05-19 10:23:04] Ping bem-sucedido.
[2025-05-19 10:23:04] [Estatísticas de pacotes] 3 packets transmitted, 3 received, 0% packet loss, time 2042ms
[2025-05-19 10:23:04] [RTT] rtt min/avg/max/mdev = 0.288/0.311/0.324/0.016 ms
[2025-05-19 10:23:04] Enviando pacotes ICMP para 172.18.8.11...
[2025-05-19 10:23:06] Ping bem-sucedido.
[2025-05-19 10:23:06] [Estatísticas de pacotes] 3 packets transmitted, 3 received, 0% packet loss, time 2041ms
[2025-05-19 10:23:06] [RTT] rtt min/avg/max/mdev = 0.244/0.316/0.377/0.054 ms
[2025-05-19 10:23:06] Testes finalizados.
