[2025-05-19 10:22:33] Inicializando host...
[2025-05-19 10:22:33] Definindo rota padrão via 172.18.8.3...
[2025-05-19 10:22:33] Gateway configurado com sucesso.
[2025-05-19 10:22:33] Iniciando testes de conectividade...
[2025-05-19 10:22:33] Enviando pacotes ICMP para 172.18.8.3...
[2025-05-19 10:22:35] Ping bem-sucedido.
[2025-05-19 10:22:35] [Estatísticas de pacotes] 3 packets transmitted, 3 received, 0% packet loss, time 2016ms
[2025-05-19 10:22:35] [RTT] rtt min/avg/max/mdev = 0.129/0.188/0.261/0.054 ms
[2025-05-19 10:22:35] Enviando pacotes ICMP para 172.18.8.10...
[2025-05-19 10:22:38] Ping bem-sucedido.
[2025-05-19 10:22:38] [Estatísticas de pacotes] 3 packets transmitted, 3 received, 0% packet loss, time 2044ms
[2025-05-19 10:22:38] [RTT] rtt min/avg/max/mdev = 0.155/0.183/0.218/0.026 ms
[2025-05-19 10:22:38] Enviando pacotes ICMP para 172.18.7.11...
[2025-05-19 10:22:40] Ping bem-sucedido.
[2025-05-19 10:22:40] [Estatísticas de pacotes] 3 packets transmitted, 3 received, 0% packet loss, time 2043ms
[2025-05-19 10:22:40] [RTT] rtt min/avg/max/mdev = 0.186/0.249/0.318/0.054 ms
[2025-05-19 10:22:40] Enviando pacotes ICMP para 172.18.7.10...
[2025-05-19 10:22:42] Ping bem-sucedido.
[2025-05-19 10:22:42] [Estatísticas de pacotes] 3 packets transmitted, 3 received, 0% packet loss, time 2043ms
[2025-05-19 10:22:42] [RTT] rtt min/avg/max/mdev = 0.203/0.225/0.238/0.015 ms
[2025-05-19 10:22:42] Enviando pacotes ICMP para 172.18.5.10...
[2025-05-19 10:22:44] Ping bem-sucedido.
[2025-05-19 10:22:44] [Estatísticas de pacotes] 3 packets transmitted, 3 received, 0% packet loss, time 2042ms
[2025-05-19 10:22:44] [RTT] rtt min/avg/max/mdev = 0.257/0.284/0.309/0.021 ms
[2025-05-19 10:22:44] Enviando pacotes ICMP para 172.18.1.10...
[2025-05-19 10:22:46] Ping bem-sucedido.
[2025-05-19 10:22:46] [Estatísticas de pacotes] 3 packets transmitted, 3 received, 0% packet loss, time 2042ms
[2025-05-19 10:22:46] [RTT] rtt min/avg/max/mdev = 0.192/0.238/0.289/0.039 ms
[2025-05-19 10:22:46] Enviando pacotes ICMP para 172.18.1.11...
[2025-05-19 10:22:48] Ping bem-sucedido.
[2025-05-19 10:22:48] [Estatísticas de pacotes] 3 packets transmitted, 3 received, 0% packet loss, time 2040ms
[2025-05-19 10:22:48] [RTT] rtt min/avg/max/mdev = 0.174/0.194/0.221/0.019 ms
[2025-05-19 10:22:48] Enviando pacotes ICMP para 172.18.2.10...
[2025-05-19 10:22:50] Ping bem-sucedido.
[2025-05-19 10:22:50] [Estatísticas de pacotes] 3 packets transmitted, 3 received, 0% packet loss, time 2041ms
[2025-05-19 10:22:50] [RTT] rtt min/avg/max/mdev = 0.193/0.241/0.283/0.037 ms
[2025-05-19 10:22:50] Enviando pacotes ICMP para 172.18.2.11...
[2025-05-19 10:22:52] Ping bem-sucedido.
[2025-05-19 10:22:52] [Estatísticas de pacotes] 3 packets transmitted, 3 received, 0% packet loss, time 2038ms
[2025-05-19 10:22:52] [RTT] rtt min/avg/max/mdev = 0.237/0.265/0.290/0.021 ms
[2025-05-19 10:22:52] Enviando pacotes ICMP para 172.18.3.10...
[2025-05-19 10:22:54] Ping bem-sucedido.
[2025-05-19 10:22:54] [Estatísticas de pacotes] 3 packets transmitted, 3 received, 0% packet loss, time 2042ms
[2025-05-19 10:22:54] [RTT] rtt min/avg/max/mdev = 0.275/0.298/0.320/0.018 ms
[2025-05-19 10:22:54] Enviando pacotes ICMP para 172.18.3.11...
[2025-05-19 10:22:56] Ping bem-sucedido.
[2025-05-19 10:22:56] [Estatísticas de pacotes] 3 packets transmitted, 3 received, 0% packet loss, time 2043ms
[2025-05-19 10:22:56] [RTT] rtt min/avg/max/mdev = 0.279/0.293/0.304/0.010 ms
[2025-05-19 10:22:56] Enviando pacotes ICMP para 172.18.4.10...
[2025-05-19 10:22:58] Ping bem-sucedido.
[2025-05-19 10:22:58] [Estatísticas de pacotes] 3 packets transmitted, 3 received, 0% packet loss, time 2043ms
[2025-05-19 10:22:58] [RTT] rtt min/avg/max/mdev = 0.308/0.337/0.357/0.021 ms
[2025-05-19 10:22:58] Enviando pacotes ICMP para 172.18.4.11...
[2025-05-19 10:23:00] Ping bem-sucedido.
[2025-05-19 10:23:00] [Estatísticas de pacotes] 3 packets transmitted, 3 received, 0% packet loss, time 2041ms
[2025-05-19 10:23:00] [RTT] rtt min/avg/max/mdev = 0.327/0.350/0.369/0.017 ms
[2025-05-19 10:23:00] Enviando pacotes ICMP para 172.18.5.11...
[2025-05-19 10:23:02] Ping bem-sucedido.
[2025-05-19 10:23:02] [Estatísticas de pacotes] 3 packets transmitted, 3 received, 0% packet loss, time 2043ms
[2025-05-19 10:23:02] [RTT] rtt min/avg/max/mdev = 0.267/0.288/0.313/0.018 ms
[2025-05-19 10:23:02] Enviando pacotes ICMP para 172.18.6.10...
[2025-05-19 10:23:04] Ping bem-sucedido.
[2025-05-19 10:23:04] [Estatísticas de pacotes] 3 packets transmitted, 3 received, 0% packet loss, time 2042ms
[2025-05-19 10:23:04] [RTT] rtt min/avg/max/mdev = 0.248/0.271/0.290/0.017 ms
[2025-05-19 10:23:04] Enviando pacotes ICMP para 172.18.6.11...
[2025-05-19 10:23:06] Ping bem-sucedido.
[2025-05-19 10:23:06] [Estatísticas de pacotes] 3 packets transmitted, 3 received, 0% packet loss, time 2041ms
[2025-05-19 10:23:06] [RTT] rtt min/avg/max/mdev = 0.260/0.276/0.297/0.015 ms
[2025-05-19 10:23:06] Testes finalizados.
[2025-05-21 23:52:55] Inicializando host...
[2025-05-21 23:52:55] Definindo rota padrão via 172.18.8.3...
[2025-05-21 23:52:55] Gateway configurado com sucesso.
[2025-05-21 23:52:55] Iniciando testes de conectividade...
[2025-05-21 23:52:55] Enviando pacotes ICMP para 172.18.8.3...
[2025-05-21 23:52:57] Ping bem-sucedido.
[2025-05-21 23:52:57] [Estatísticas de pacotes] 3 packets transmitted, 3 received, 0% packet loss, time 2027ms
[2025-05-21 23:52:57] [RTT] rtt min/avg/max/mdev = 0.120/0.165/0.194/0.032 ms
[2025-05-21 23:52:57] Enviando pacotes ICMP para 172.18.8.10...
[2025-05-21 23:52:59] Ping bem-sucedido.
[2025-05-21 23:52:59] [Estatísticas de pacotes] 3 packets transmitted, 3 received, 0% packet loss, time 2042ms
[2025-05-21 23:52:59] [RTT] rtt min/avg/max/mdev = 0.159/0.173/0.188/0.011 ms
[2025-05-21 23:52:59] Enviando pacotes ICMP para 172.18.7.11...
[2025-05-21 23:53:01] Ping bem-sucedido.
[2025-05-21 23:53:01] [Estatísticas de pacotes] 3 packets transmitted, 3 received, 0% packet loss, time 2042ms
[2025-05-21 23:53:01] [RTT] rtt min/avg/max/mdev = 0.089/0.212/0.315/0.093 ms
[2025-05-21 23:53:01] Enviando pacotes ICMP para 172.18.7.10...
[2025-05-21 23:53:03] Ping bem-sucedido.
[2025-05-21 23:53:03] [Estatísticas de pacotes] 3 packets transmitted, 3 received, 0% packet loss, time 2044ms
[2025-05-21 23:53:03] [RTT] rtt min/avg/max/mdev = 0.163/0.183/0.206/0.017 ms
[2025-05-21 23:53:03] Enviando pacotes ICMP para 172.18.5.10...
[2025-05-21 23:53:05] Ping bem-sucedido.
[2025-05-21 23:53:05] [Estatísticas de pacotes] 3 packets transmitted, 3 received, 0% packet loss, time 2042ms
[2025-05-21 23:53:05] [RTT] rtt min/avg/max/mdev = 0.274/0.301/0.340/0.028 ms
[2025-05-21 23:53:05] Enviando pacotes ICMP para 172.18.1.10...
[2025-05-21 23:53:07] Ping bem-sucedido.
[2025-05-21 23:53:07] [Estatísticas de pacotes] 3 packets transmitted, 3 received, 0% packet loss, time 2041ms
[2025-05-21 23:53:07] [RTT] rtt min/avg/max/mdev = 0.150/0.195/0.281/0.060 ms
[2025-05-21 23:53:07] Enviando pacotes ICMP para 172.18.1.11...
[2025-05-21 23:53:10] Ping bem-sucedido.
[2025-05-21 23:53:10] [Estatísticas de pacotes] 3 packets transmitted, 3 received, 0% packet loss, time 2044ms
[2025-05-21 23:53:10] [RTT] rtt min/avg/max/mdev = 0.186/0.197/0.219/0.015 ms
[2025-05-21 23:53:10] Enviando pacotes ICMP para 172.18.2.10...
[2025-05-21 23:53:12] Ping bem-sucedido.
[2025-05-21 23:53:12] [Estatísticas de pacotes] 3 packets transmitted, 3 received, 0% packet loss, time 2042ms
[2025-05-21 23:53:12] [RTT] rtt min/avg/max/mdev = 0.241/0.252/0.272/0.013 ms
[2025-05-21 23:53:12] Enviando pacotes ICMP para 172.18.2.11...
[2025-05-21 23:53:14] Ping bem-sucedido.
[2025-05-21 23:53:14] [Estatísticas de pacotes] 3 packets transmitted, 3 received, 0% packet loss, time 2043ms
[2025-05-21 23:53:14] [RTT] rtt min/avg/max/mdev = 0.121/0.177/0.225/0.042 ms
[2025-05-21 23:53:14] Enviando pacotes ICMP para 172.18.3.10...
[2025-05-21 23:53:16] Ping bem-sucedido.
[2025-05-21 23:53:16] [Estatísticas de pacotes] 3 packets transmitted, 3 received, 0% packet loss, time 2043ms
[2025-05-21 23:53:16] [RTT] rtt min/avg/max/mdev = 0.218/0.255/0.294/0.031 ms
[2025-05-21 23:53:16] Enviando pacotes ICMP para 172.18.3.11...
